android/app/build/outputs/logs/manifest-merger-Staging-debug-report.txt
-- Merging decision tree log ---
manifest
ADDED from src/main/AndroidManifest.xml:1:1-28:12
INJECTED from src/main/AndroidManifest.xml:1:1-28:12
INJECTED from src/main/AndroidManifest.xml:1:1-28:12
INJECTED from src/main/AndroidManifest.xml:1:1-28:12
MERGED from [:react-native-code-push] AndroidManifest.xml:2:1-17:12
MERGED from [:react-native-spinkit] AndroidManifest.xml:2:1-16:12
MERGED from [com.facebook.react:react-native:0.55.4] AndroidManifest.xml:2:1-15:12
MERGED from [com.android.support:appcompat-v7:23.0.1] AndroidManifest.xml:17:1-24:12
MERGED from [com.android.support:support-v4:23.0.1] AndroidManifest.xml:17:1-24:12
MERGED from [com.facebook.fbui.textlayoutbuilder:textlayoutbuilder:1.0.0] AndroidManifest.xml:10:1-18:12
MERGED from [com.facebook.fresco:fresco:1.3.0] AndroidManifest.xml:2:1-9:12
MERGED from [com.facebook.fresco:imagepipeline-okhttp3:1.3.0] AndroidManifest.xml:2:1-9:12
MERGED from [com.facebook.soloader:soloader:0.1.0] AndroidManifest.xml:1:1-4:12
MERGED from [org.webkit:android-jsc:r174650] AndroidManifest.xml:1:1-3:12
MERGED from [com.github.ybq:Android-SpinKit:1.1.0] AndroidManifest.xml:2:1-10:12
MERGED from [com.facebook.fresco:drawee:1.3.0] AndroidManifest.xml:2:1-9:12
MERGED from [com.facebook.fresco:imagepipeline:1.3.0] AndroidManifest.xml:2:1-9:12
MERGED from [com.facebook.fresco:imagepipeline-base:1.3.0] AndroidManifest.xml:2:1-9:12
MERGED from [com.facebook.fresco:fbcore:1.3.0] AndroidManifest.xml:2:1-9:12
INJECTED from src/main/AndroidManifest.xml:1:1-28:12
INJECTED from src/main/AndroidManifest.xml:1:1-28:12
INJECTED from src/main/AndroidManifest.xml:1:1-28:12
	package
		ADDED from src/main/AndroidManifest.xml:2:5-25
		INJECTED from src/main/AndroidManifest.xml
		INJECTED from src/main/AndroidManifest.xml
	android:versionName
		INJECTED from src/main/AndroidManifest.xml
		ADDED from src/main/AndroidManifest.xml:1:1-28:12
		INJECTED from src/main/AndroidManifest.xml
	android:versionCode
		INJECTED from src/main/AndroidManifest.xml
		ADDED from src/main/AndroidManifest.xml:1:1-28:12
		INJECTED from src/main/AndroidManifest.xml
	xmlns:android
		ADDED from src/main/AndroidManifest.xml:1:11-69
uses-permission#android.permission.INTERNET
ADDED from src/main/AndroidManifest.xml:4:5-67
MERGED from [:react-native-code-push] AndroidManifest.xml:11:5-67
MERGED from [:react-native-code-push] AndroidManifest.xml:11:5-67
	android:name
		ADDED from src/main/AndroidManifest.xml:4:22-64
uses-permission#android.permission.SYSTEM_ALERT_WINDOW
ADDED from src/main/AndroidManifest.xml:5:5-77
MERGED from [com.facebook.react:react-native:0.55.4] AndroidManifest.xml:11:5-78
MERGED from [com.facebook.react:react-native:0.55.4] AndroidManifest.xml:11:5-78
	android:name
		ADDED from src/main/AndroidManifest.xml:5:22-75
uses-permission#android.permission.CAMERA
ADDED from src/main/AndroidManifest.xml:6:5-65
	android:name
		ADDED from src/main/AndroidManifest.xml:6:22-62
uses-permission#android.permission.WRITE_EXTERNAL_STORAGE
ADDED from src/main/AndroidManifest.xml:7:5-80
	android:name
		ADDED from src/main/AndroidManifest.xml:7:22-78
application
ADDED from src/main/AndroidManifest.xml:9:5-26:19
MERGED from [:react-native-code-push] AndroidManifest.xml:13:5-15:19
MERGED from [:react-native-code-push] AndroidManifest.xml:13:5-15:19
MERGED from [:react-native-spinkit] AndroidManifest.xml:11:5-14:19
MERGED from [:react-native-spinkit] AndroidManifest.xml:11:5-14:19
MERGED from [com.facebook.react:react-native:0.55.4] AndroidManifest.xml:13:5-20
MERGED from [com.facebook.react:react-native:0.55.4] AndroidManifest.xml:13:5-20
MERGED from [com.android.support:appcompat-v7:23.0.1] AndroidManifest.xml:22:5-20
MERGED from [com.android.support:appcompat-v7:23.0.1] AndroidManifest.xml:22:5-20
MERGED from [com.android.support:support-v4:23.0.1] AndroidManifest.xml:22:5-20
MERGED from [com.android.support:support-v4:23.0.1] AndroidManifest.xml:22:5-20
MERGED from [com.facebook.soloader:soloader:0.1.0] AndroidManifest.xml:3:3-17
MERGED from [com.facebook.soloader:soloader:0.1.0] AndroidManifest.xml:3:3-17
MERGED from [org.webkit:android-jsc:r174650] AndroidManifest.xml:2:3-17
MERGED from [org.webkit:android-jsc:r174650] AndroidManifest.xml:2:3-17
	android:supportsRtl
		ADDED from [:react-native-spinkit] AndroidManifest.xml:13:9-35
	android:label
		ADDED from src/main/AndroidManifest.xml:11:7-39
	android:icon
		ADDED from src/main/AndroidManifest.xml:12:7-41
	android:allowBackup
		ADDED from src/main/AndroidManifest.xml:13:7-34
	android:theme
		ADDED from src/main/AndroidManifest.xml:14:7-38
	android:name
		ADDED from src/main/AndroidManifest.xml:10:7-48
activity#com.hongsi.MainActivity
ADDED from src/main/AndroidManifest.xml:15:7-24:18
	android:label
		ADDED from src/main/AndroidManifest.xml:17:9-41
	android:windowSoftInputMode
		ADDED from src/main/AndroidManifest.xml:19:9-51
	android:configChanges
		ADDED from src/main/AndroidManifest.xml:18:9-79
	android:name
		ADDED from src/main/AndroidManifest.xml:16:9-47
intent-filter#action:name:android.intent.action.MAIN+category:name:android.intent.category.LAUNCHER
ADDED from src/main/AndroidManifest.xml:20:9-23:25
action#android.intent.action.MAIN
ADDED from src/main/AndroidManifest.xml:21:13-65
	android:name
		ADDED from src/main/AndroidManifest.xml:21:21-62
category#android.intent.category.LAUNCHER
ADDED from src/main/AndroidManifest.xml:22:13-73
	android:name
		ADDED from src/main/AndroidManifest.xml:22:23-70
activity#com.facebook.react.devsupport.DevSettingsActivity
ADDED from src/main/AndroidManifest.xml:25:7-84
MERGED from [:react-native-code-push] AndroidManifest.xml:14:9-86
MERGED from [:react-native-code-push] AndroidManifest.xml:14:9-86
	android:name
		ADDED from src/main/AndroidManifest.xml:25:17-81
uses-sdk
INJECTED from src/main/AndroidManifest.xml reason: use-sdk injection requested
INJECTED from src/main/AndroidManifest.xml
INJECTED from src/main/AndroidManifest.xml
MERGED from [:react-native-code-push] AndroidManifest.xml:7:5-9:41
MERGED from [:react-native-code-push] AndroidManifest.xml:7:5-9:41
MERGED from [:react-native-spinkit] AndroidManifest.xml:7:5-9:41
MERGED from [:react-native-spinkit] AndroidManifest.xml:7:5-9:41
MERGED from [com.facebook.react:react-native:0.55.4] AndroidManifest.xml:7:5-9:41
MERGED from [com.facebook.react:react-native:0.55.4] AndroidManifest.xml:7:5-9:41
MERGED from [com.android.support:appcompat-v7:23.0.1] AndroidManifest.xml:20:5-43
MERGED from [com.android.support:appcompat-v7:23.0.1] AndroidManifest.xml:20:5-43
MERGED from [com.android.support:support-v4:23.0.1] AndroidManifest.xml:20:5-43
MERGED from [com.android.support:support-v4:23.0.1] AndroidManifest.xml:20:5-43
MERGED from [com.facebook.fbui.textlayoutbuilder:textlayoutbuilder:1.0.0] AndroidManifest.xml:14:5-16:41
MERGED from [com.facebook.fbui.textlayoutbuilder:textlayoutbuilder:1.0.0] AndroidManifest.xml:14:5-16:41
MERGED from [com.facebook.fresco:fresco:1.3.0] AndroidManifest.xml:5:5-7:41
MERGED from [com.facebook.fresco:fresco:1.3.0] AndroidManifest.xml:5:5-7:41
MERGED from [com.facebook.fresco:imagepipeline-okhttp3:1.3.0] AndroidManifest.xml:5:5-7:41
MERGED from [com.facebook.fresco:imagepipeline-okhttp3:1.3.0] AndroidManifest.xml:5:5-7:41
MERGED from [com.facebook.soloader:soloader:0.1.0] AndroidManifest.xml:2:3-70
MERGED from [com.facebook.soloader:soloader:0.1.0] AndroidManifest.xml:2:3-70
MERGED from [com.github.ybq:Android-SpinKit:1.1.0] AndroidManifest.xml:6:5-8:41
MERGED from [com.github.ybq:Android-SpinKit:1.1.0] AndroidManifest.xml:6:5-8:41
MERGED from [com.facebook.fresco:drawee:1.3.0] AndroidManifest.xml:5:5-7:41
MERGED from [com.facebook.fresco:drawee:1.3.0] AndroidManifest.xml:5:5-7:41
MERGED from [com.facebook.fresco:imagepipeline:1.3.0] AndroidManifest.xml:5:5-7:41
MERGED from [com.facebook.fresco:imagepipeline:1.3.0] AndroidManifest.xml:5:5-7:41
MERGED from [com.facebook.fresco:imagepipeline-base:1.3.0] AndroidManifest.xml:5:5-7:41
MERGED from [com.facebook.fresco:imagepipeline-base:1.3.0] AndroidManifest.xml:5:5-7:41
MERGED from [com.facebook.fresco:fbcore:1.3.0] AndroidManifest.xml:5:5-7:41
MERGED from [com.facebook.fresco:fbcore:1.3.0] AndroidManifest.xml:5:5-7:41
INJECTED from src/main/AndroidManifest.xml
INJECTED from src/main/AndroidManifest.xml
	android:targetSdkVersion
		INJECTED from src/main/AndroidManifest.xml
		ADDED from src/main/AndroidManifest.xml
		INJECTED from src/main/AndroidManifest.xml
	android:minSdkVersion
		INJECTED from src/main/AndroidManifest.xml
		ADDED from src/main/AndroidManifest.xml
		INJECTED from src/main/AndroidManifest.xml
uses-permission#android.permission.READ_PHONE_STATE
IMPLIED from src/main/AndroidManifest.xml:1:1-28:12 reason: org.webkit.android_jsc has a targetSdkVersion < 4
uses-permission#android.permission.READ_EXTERNAL_STORAGE
IMPLIED from src/main/AndroidManifest.xml:1:1-28:12 reason: org.webkit.android_jsc requested WRITE_EXTERNAL_STORAGE